<?xml version="1.0" encoding="UTF-8" ?>
<testsuite errors="1" failures="0" hostname="DESKTOP-0VQVV5G" name="valoresTest" skipped="0" tests="1" time="0.0" timestamp="2019-06-01T14:46:50">
  <properties>
    <property name="java.vendor" value="Oracle Corporation" />
    <property name="sun.java.launcher" value="SUN_STANDARD" />
    <property name="eclipse.pdebuild.templates" value="C:\Users\vinic\.p2\pool\plugins\org.eclipse.pde.build_3.10.0.v20180512-1217\templates" />
    <property name="sun.management.compiler" value="HotSpot 64-Bit Tiered Compilers" />
    <property name="os.name" value="Windows 10" />
    <property name="sun.boot.class.path" value="D:\Program Files\java\jdk1.8.0_181\jre\lib\resources.jar;D:\Program Files\java\jdk1.8.0_181\jre\lib\rt.jar;D:\Program Files\java\jdk1.8.0_181\jre\lib\sunrsasign.jar;D:\Program Files\java\jdk1.8.0_181\jre\lib\jsse.jar;D:\Program Files\java\jdk1.8.0_181\jre\lib\jce.jar;D:\Program Files\java\jdk1.8.0_181\jre\lib\charsets.jar;D:\Program Files\java\jdk1.8.0_181\jre\lib\jfr.jar;D:\Program Files\java\jdk1.8.0_181\jre\classes" />
    <property name="sun.desktop" value="windows" />
    <property name="java.vm.specification.vendor" value="Oracle Corporation" />
    <property name="ant.home" value="C:\Users\vinic\.p2\pool\plugins\org.apache.ant_1.10.3.v20180417-1627" />
    <property name="jar.dir" value="D:\Downloads\Exercicio01\bin/jar" />
    <property name="java.runtime.version" value="1.8.0_181-b13" />
    <property name="test.build.dir" value="bin/teste" />
    <property name="user.name" value="vinic" />
    <property name="build.dir" value="D:\Downloads\Exercicio01\bin" />
    <property name="user.language" value="pt" />
    <property name="sun.boot.library.path" value="D:\Program Files\java\jdk1.8.0_181\jre\bin" />
    <property name="ant.project.default-target" value="main" />
    <property name="doc.dir" value="D:\Downloads\Exercicio01\doc" />
    <property name="ant.project.name" value="build03" />
    <property name="java.version" value="1.8.0_181" />
    <property name="user.timezone" value="" />
    <property name="sun.arch.data.model" value="64" />
    <property name="test.src.dir" value="src" />
    <property name="java.endorsed.dirs" value="D:\Program Files\java\jdk1.8.0_181\jre\lib\endorsed" />
    <property name="sun.cpu.isalist" value="amd64" />
    <property name="sun.jnu.encoding" value="Cp1252" />
    <property name="file.encoding.pkg" value="sun.io" />
    <property name="file.separator" value="\" />
    <property name="java.specification.name" value="Java Platform API Specification" />
    <property name="java.class.version" value="52.0" />
    <property name="user.country" value="BR" />
    <property name="java.home" value="D:\Program Files\java\jdk1.8.0_181\jre" />
    <property name="java.vm.info" value="mixed mode" />
    <property name="ant.file" value="D:\Downloads\Exercicio01\build03.xml" />
    <property name="os.version" value="10.0" />
    <property name="test.reports" value="bin/teste" />
    <property name="path.separator" value=";" />
    <property name="java.vm.version" value="25.181-b13" />
    <property name="user.variant" value="" />
    <property name="ant.library.dir" value="C:\Users\vinic\.p2\pool\plugins\org.apache.ant_1.10.3.v20180417-1627\lib" />
    <property name="java.awt.printerjob" value="sun.awt.windows.WPrinterJob" />
    <property name="sun.io.unicode.encoding" value="UnicodeLittle" />
    <property name="awt.toolkit" value="sun.awt.windows.WToolkit" />
    <property name="user.script" value="" />
    <property name="ant.file.type.build03" value="file" />
    <property name="eclipse.pdebuild.scripts" value="C:\Users\vinic\.p2\pool\plugins\org.eclipse.pde.build_3.10.0.v20180512-1217\scripts" />
    <property name="user.home" value="C:\Users\vinic" />
    <property name="java.specification.vendor" value="Oracle Corporation" />
    <property name="test.dir" value="teste" />
    <property name="jar.file" value="D:\Downloads\Exercicio01\bin/jar/build03.jar" />
    <property name="java.library.path" value="D:\Users\vinic\eclipse\jee-photon\eclipse;C:\WINDOWS\Sun\Java\bin;C:\WINDOWS\system32;C:\WINDOWS;D:/Program Files/java/bin/server;D:/Program Files/java/bin;D:/Program Files/java/lib/amd64;d:\ProgramData\Anaconda3;d:\ProgramData\Anaconda3\Library\mingw-w64\bin;d:\ProgramData\Anaconda3\Library\usr\bin;d:\ProgramData\Anaconda3\Library\bin;d:\ProgramData\Anaconda3\Scripts;C:\Program Files (x86)\Common Files\Oracle\Java\javapath;C:\WINDOWS\system32;C:\WINDOWS;C:\WINDOWS\System32\Wbem;C:\WINDOWS\System32\WindowsPowerShell\v1.0\;D:\Program Files\PuTTY\;D:\PHP7.0;D:\composer;D:\Program Files\Git\cmd;C:\Program Files\MongoDB\Server\4.0\bin;C:\WINDOWS\System32\OpenSSH\;D:\Program Files\nodejs\;D:\Program Files\Microsoft VS Code\bin;D:\Program Files\java\jdk1.8.0_181\bin;D:\Program Files\java\apache-maven-3.6.0\bin;D:\Users\vinic\Anaconda3;D:\Users\vinic\Anaconda3\Library\bin;D:\Ruby25-x64\bin;C:\Users\vinic\AppData\Local\Microsoft\WindowsApps;C:\Users\vinic\AppData\Local\Google\Cloud SDK\google-cloud-sdk\bin;C:\Users\vinic\AppData\Roaming\Composer\vendor\bin;C:\Users\vinic\AppData\Roaming\npm;D:\Program Files\Microsoft VS Code\bin;d:\Program Files\heroku\bin;D:\Users\vinic\Anaconda3;D:\Users\vinic\Anaconda3\Library\bin;C:\WINDOWS\System32;;.;D:\Users\vinic\eclipse\jee-photon\eclipse\configuration\org.eclipse.osgi\769\0\.cp" />
    <property name="java.vendor.url" value="http://java.oracle.com/" />
    <property name="java.vm.vendor" value="Oracle Corporation" />
    <property name="java.runtime.name" value="Java(TM) SE Runtime Environment" />
    <property name="sun.java.command" value="org.eclipse.ant.internal.launching.remote.InternalAntRunner -Dorg.eclipse.ant.core.ANT_PROCESS_ID=1559400405893 -Declipse.connect.port=63566 -Declipse.pdebuild.home=C:\Users\vinic\.p2\pool\plugins\org.eclipse.pde.build_3.10.0.v20180512-1217\. -Declipse.pdebuild.scripts=C:\Users\vinic\.p2\pool\plugins\org.eclipse.pde.build_3.10.0.v20180512-1217\scripts -Declipse.pdebuild.templates=C:\Users\vinic\.p2\pool\plugins\org.eclipse.pde.build_3.10.0.v20180512-1217\templates -Dant.home=C:\Users\vinic\.p2\pool\plugins\org.apache.ant_1.10.3.v20180417-1627 -logger org.eclipse.ant.internal.launching.remote.logger.RemoteAntBuildLogger -inputhandler org.eclipse.ant.internal.ui.antsupport.inputhandler.ProxyInputHandler -buildfile D:\Downloads\Exercicio01\build03.xml" />
    <property name="java.class.path" value="D:\Program Files\java\jdk1.8.0_181\jre\lib\resources.jar;D:\Program Files\java\jdk1.8.0_181\jre\lib\rt.jar;D:\Program Files\java\jdk1.8.0_181\jre\lib\jsse.jar;D:\Program Files\java\jdk1.8.0_181\jre\lib\jce.jar;D:\Program Files\java\jdk1.8.0_181\jre\lib\charsets.jar;D:\Program Files\java\jdk1.8.0_181\jre\lib\jfr.jar;D:\Program Files\java\jdk1.8.0_181\jre\lib\ext\access-bridge-64.jar;D:\Program Files\java\jdk1.8.0_181\jre\lib\ext\cldrdata.jar;D:\Program Files\java\jdk1.8.0_181\jre\lib\ext\dnsns.jar;D:\Program Files\java\jdk1.8.0_181\jre\lib\ext\jaccess.jar;D:\Program Files\java\jdk1.8.0_181\jre\lib\ext\jfxrt.jar;D:\Program Files\java\jdk1.8.0_181\jre\lib\ext\localedata.jar;D:\Program Files\java\jdk1.8.0_181\jre\lib\ext\nashorn.jar;D:\Program Files\java\jdk1.8.0_181\jre\lib\ext\sunec.jar;D:\Program Files\java\jdk1.8.0_181\jre\lib\ext\sunjce_provider.jar;D:\Program Files\java\jdk1.8.0_181\jre\lib\ext\sunmscapi.jar;D:\Program Files\java\jdk1.8.0_181\jre\lib\ext\sunpkcs11.jar;D:\Program Files\java\jdk1.8.0_181\jre\lib\ext\zipfs.jar;C:\Users\vinic\.p2\pool\plugins\org.apache.ant_1.10.3.v20180417-1627\lib\ant-antlr.jar;C:\Users\vinic\.p2\pool\plugins\org.apache.ant_1.10.3.v20180417-1627\lib\ant-apache-bcel.jar;C:\Users\vinic\.p2\pool\plugins\org.apache.ant_1.10.3.v20180417-1627\lib\ant-apache-bsf.jar;C:\Users\vinic\.p2\pool\plugins\org.apache.ant_1.10.3.v20180417-1627\lib\ant-apache-log4j.jar;C:\Users\vinic\.p2\pool\plugins\org.apache.ant_1.10.3.v20180417-1627\lib\ant-apache-oro.jar;C:\Users\vinic\.p2\pool\plugins\org.apache.ant_1.10.3.v20180417-1627\lib\ant-apache-regexp.jar;C:\Users\vinic\.p2\pool\plugins\org.apache.ant_1.10.3.v20180417-1627\lib\ant-apache-resolver.jar;C:\Users\vinic\.p2\pool\plugins\org.apache.ant_1.10.3.v20180417-1627\lib\ant-apache-xalan2.jar;C:\Users\vinic\.p2\pool\plugins\org.apache.ant_1.10.3.v20180417-1627\lib\ant-commons-logging.jar;C:\Users\vinic\.p2\pool\plugins\org.apache.ant_1.10.3.v20180417-1627\lib\ant-commons-net.jar;C:\Users\vinic\.p2\pool\plugins\org.apache.ant_1.10.3.v20180417-1627\lib\ant-jai.jar;C:\Users\vinic\.p2\pool\plugins\org.apache.ant_1.10.3.v20180417-1627\lib\ant-javamail.jar;C:\Users\vinic\.p2\pool\plugins\org.apache.ant_1.10.3.v20180417-1627\lib\ant-jdepend.jar;C:\Users\vinic\.p2\pool\plugins\org.apache.ant_1.10.3.v20180417-1627\lib\ant-jmf.jar;C:\Users\vinic\.p2\pool\plugins\org.apache.ant_1.10.3.v20180417-1627\lib\ant-jsch.jar;C:\Users\vinic\.p2\pool\plugins\org.apache.ant_1.10.3.v20180417-1627\lib\ant-junit.jar;C:\Users\vinic\.p2\pool\plugins\org.apache.ant_1.10.3.v20180417-1627\lib\ant-junit4.jar;C:\Users\vinic\.p2\pool\plugins\org.apache.ant_1.10.3.v20180417-1627\lib\ant-junitlauncher.jar;C:\Users\vinic\.p2\pool\plugins\org.apache.ant_1.10.3.v20180417-1627\lib\ant-launcher.jar;C:\Users\vinic\.p2\pool\plugins\org.apache.ant_1.10.3.v20180417-1627\lib\ant-netrexx.jar;C:\Users\vinic\.p2\pool\plugins\org.apache.ant_1.10.3.v20180417-1627\lib\ant-swing.jar;C:\Users\vinic\.p2\pool\plugins\org.apache.ant_1.10.3.v20180417-1627\lib\ant-testutil.jar;C:\Users\vinic\.p2\pool\plugins\org.apache.ant_1.10.3.v20180417-1627\lib\ant-xz.jar;C:\Users\vinic\.p2\pool\plugins\org.apache.ant_1.10.3.v20180417-1627\lib\ant.jar;D:\Users\vinic\eclipse\jee-photon\eclipse\configuration\org.eclipse.osgi\95\0\.cp\lib\antdebug.jar;D:\Users\vinic\eclipse\jee-photon\eclipse\configuration\org.eclipse.osgi\95\0\.cp\lib\remote.jar;D:\Users\vinic\eclipse\jee-photon\eclipse\configuration\org.eclipse.osgi\96\0\.cp\lib\remoteAnt.jar;D:\Program Files\java\jdk1.8.0_181\lib\tools.jar;C:\Users\vinic\.p2\pool\plugins\org.eclipse.swt.win32.win32.x86_64_3.107.0.v20180611-0422.jar" />
    <property name="ant.version" value="Apache Ant(TM) version 1.10.3 compiled on March 24 2018" />
    <property name="java.vm.specification.name" value="Java Virtual Machine Specification" />
    <property name="java.vm.specification.version" value="1.8" />
    <property name="sun.cpu.endian" value="little" />
    <property name="sun.os.patch.level" value="" />
    <property name="eclipse.pdebuild.home" value="C:\Users\vinic\.p2\pool\plugins\org.eclipse.pde.build_3.10.0.v20180512-1217\." />
    <property name="java.io.tmpdir" value="C:\Users\vinic\AppData\Local\Temp\" />
    <property name="java.vendor.url.bug" value="http://bugreport.sun.com/bugreport/" />
    <property name="os.arch" value="amd64" />
    <property name="java.awt.graphicsenv" value="sun.awt.Win32GraphicsEnvironment" />
    <property name="java.ext.dirs" value="D:\Program Files\java\jdk1.8.0_181\jre\lib\ext;C:\WINDOWS\Sun\Java\lib\ext" />
    <property name="user.dir" value="D:\Downloads\Exercicio01" />
    <property name="line.separator" value="&#xd;&#xa;" />
    <property name="java.vm.name" value="Java HotSpot(TM) 64-Bit Server VM" />
    <property name="basedir" value="D:\Downloads\Exercicio01" />
    <property name="ant.java.version" value="1.8" />
    <property name="ant.file.build03" value="D:\Downloads\Exercicio01\build03.xml" />
    <property name="ant.core.lib" value="C:\Users\vinic\.p2\pool\plugins\org.apache.ant_1.10.3.v20180417-1627\lib\ant.jar" />
    <property name="jar.name" value="build03.jar" />
    <property name="file.encoding" value="Cp1252" />
    <property name="source.dir" value="D:\Downloads\Exercicio01\src" />
    <property name="java.specification.version" value="1.8" />
    <property name="ant.project.invoked-targets" value="main" />
  </properties>
  <error message="valoresTest (wrong name: ValoresTest)" type="java.lang.NoClassDefFoundError">java.lang.NoClassDefFoundError: valoresTest (wrong name: ValoresTest)
	at java.lang.ClassLoader.defineClass1(Native Method)
	at java.lang.ClassLoader.defineClass(ClassLoader.java:763)
	at java.lang.ClassLoader.loadClass(ClassLoader.java:357)
	at java.lang.Class.forName0(Native Method)
	at java.lang.Class.forName(Class.java:348)
	at org.eclipse.ant.internal.launching.remote.EclipseDefaultExecutor.executeTargets(EclipseDefaultExecutor.java:36)
	at org.eclipse.ant.internal.launching.remote.InternalAntRunner.run(InternalAntRunner.java:460)
	at org.eclipse.ant.internal.launching.remote.InternalAntRunner.main(InternalAntRunner.java:142)
</error>
  <system-out><![CDATA[]]></system-out>
  <system-err><![CDATA[]]></system-err>
</testsuite>
